<?xml version="1.0" encoding="UTF-8"?>
<testng-results ignored="0" total="1" passed="1" failed="0" skipped="0">
  <reporter-output>
  </reporter-output>
  <suite started-at="2024-02-27T12:15:46 IST" name="Default suite" finished-at="2024-02-27T12:15:46 IST" duration-ms="156">
    <groups>
    </groups>
    <test started-at="2024-02-27T12:15:46 IST" name="Default test" finished-at="2024-02-27T12:15:46 IST" duration-ms="156">
      <class name="demo.NewTest">
        <test-method signature="f()[pri:0, instance:demo.NewTest@696da30b]" started-at="2024-02-27T12:15:46 IST" name="f" finished-at="2024-02-27T12:15:46 IST" duration-ms="15" status="PASS">
          <reporter-output>
          </reporter-output>
        </test-method> <!-- f -->
      </class> <!-- demo.NewTest -->
    </test> <!-- Default test -->
  </suite> <!-- Default suite -->
</testng-results>
